0 info it worked if it ends with ok
1 verbose cli [ 'D:\\SoftWare\\nodejs\\node.exe',
1 verbose cli   'D:\\SoftWare\\nodejs\\node_modules\\npm\\bin\\npm-cli.js',
1 verbose cli   'run',
1 verbose cli   'dev' ]
2 info using npm@3.10.10
3 info using node@v6.9.5
4 verbose run-script [ 'predev', 'dev', 'postdev' ]
5 info lifecycle yh_app@1.0.0~predev: yh_app@1.0.0
6 silly lifecycle yh_app@1.0.0~predev: no script for predev, continuing
7 info lifecycle yh_app@1.0.0~dev: yh_app@1.0.0
8 verbose lifecycle yh_app@1.0.0~dev: unsafe-perm in lifecycle true
9 verbose lifecycle yh_app@1.0.0~dev: PATH: D:\SoftWare\nodejs\node_modules\npm\bin\node-gyp-bin;E:\Project\yh_app\node_modules\.bin;C:\ProgramData\Oracle\Java\javapath;C:\Windows\system32;C:\Windows;C:\Windows\System32\Wbem;C:\Windows\System32\WindowsPowerShell\v1.0\;D:\SoftWare\nodejs\;D:\SoftWare\git\bin;D:\SoftWare\MongoDB\Server\3.4\bin;C:\Users\kassing\AppData\Local\Microsoft\WindowsApps;C:\Users\kassing\AppData\Roaming\npm;d:\SoftWare\Microsoft VS Code\bin
10 verbose lifecycle yh_app@1.0.0~dev: CWD: E:\Project\yh_app
11 silly lifecycle yh_app@1.0.0~dev: Args: [ '/d /s /c', 'node build/dev-server.js' ]
12 verbose stack Error: kill ENOSYS
12 verbose stack     at exports._errnoException (util.js:1022:11)
12 verbose stack     at process.kill (internal/process.js:172:13)
12 verbose stack     at process.listener (D:\SoftWare\nodejs\node_modules\npm\node_modules\npmlog\node_modules\gauge\node_modules\signal-exit\index.js:86:15)
12 verbose stack     at emitNone (events.js:91:20)
12 verbose stack     at process.emit (events.js:185:7)
12 verbose stack     at processEmit (D:\SoftWare\nodejs\node_modules\npm\node_modules\npmlog\node_modules\gauge\node_modules\signal-exit\index.js:146:32)
12 verbose stack     at processEmit (D:\SoftWare\nodejs\node_modules\npm\node_modules\npm-registry-client\node_modules\npmlog\node_modules\gauge\node_modules\signal-exit\index.js:146:32)
12 verbose stack     at Signal.wrap.onsignal (internal/process.js:199:44)
13 verbose cwd E:\Project\yh_app
14 error Windows_NT 10.0.14393
15 error argv "D:\\SoftWare\\nodejs\\node.exe" "D:\\SoftWare\\nodejs\\node_modules\\npm\\bin\\npm-cli.js" "run" "dev"
16 error node v6.9.5
17 error npm  v3.10.10
18 error code ENOSYS
19 error errno ENOSYS
20 error syscall kill
21 error kill ENOSYS
22 error If you need help, you may report this error at:
22 error     <https://github.com/npm/npm/issues>
23 verbose exit [ 1, true ]
